<?xml version="1.0" encoding="UTF-8"?>
<!-- Generated by org.testng.reporters.JUnitXMLReporter -->
<testsuite ignored="0" hostname="PrasannAnusha" failures="0" tests="37" name="DSAlgo_TestNG Test Cases" time="287.736" errors="0" timestamp="2023-08-11T17:32:25 EDT">
  <testcase classname="Pages_Tests.LaunchPage_Test" name="launch_title" time="0.046"/>
  <testcase classname="Pages_Tests.LaunchPage_Test" name="launch_click" time="0.862"/>
  <testcase classname="Pages_Tests.HomePage_Test" name="home_title" time="0.017"/>
  <testcase classname="Pages_Tests.HomePage_Test" name="home_click_getstarted" time="0.616"/>
  <testcase classname="Pages_Tests.HomePage_Test" name="home_click_getstarted" time="0.877"/>
  <testcase classname="Pages_Tests.HomePage_Test" name="home_click_getstarted" time="0.576"/>
  <testcase classname="Pages_Tests.HomePage_Test" name="home_click_getstarted" time="0.411"/>
  <testcase classname="Pages_Tests.HomePage_Test" name="home_click_getstarted" time="0.547"/>
  <testcase classname="Pages_Tests.HomePage_Test" name="home_click_getstarted" time="0.51"/>
  <testcase classname="Pages_Tests.HomePage_Test" name="home_click_getstarted" time="0.536"/>
  <testcase classname="Pages_Tests.HomePage_Test" name="home_dropdown_select" time="0.65"/>
  <testcase classname="Pages_Tests.HomePage_Test" name="home_dropdown_select" time="0.759"/>
  <testcase classname="Pages_Tests.HomePage_Test" name="home_dropdown_select" time="0.64"/>
  <testcase classname="Pages_Tests.HomePage_Test" name="home_dropdown_select" time="0.582"/>
  <testcase classname="Pages_Tests.HomePage_Test" name="home_dropdown_select" time="0.773"/>
  <testcase classname="Pages_Tests.HomePage_Test" name="home_dropdown_select" time="0.515"/>
  <testcase classname="Pages_Tests.HomePage_Test" name="signin_launch" time="0.38"/>
  <testcase classname="Pages_Tests.Register_Test" name="all_field_empty" time="0.861"/>
  <testcase classname="Pages_Tests.Register_Test" name="pass_empty" time="0.817"/>
  <testcase classname="Pages_Tests.Register_Test" name="confpass_empty" time="0.934"/>
  <testcase classname="Pages_Tests.Register_Test" name="uname_char" time="1.058"/>
  <testcase classname="Pages_Tests.Register_Test" name="uname_exist" time="0.903"/>
  <testcase classname="Pages_Tests.Register_Test" name="pass_mismatch" time="0.814"/>
  <testcase classname="Pages_Tests.Register_Test" name="pass_numbers" time="1.167"/>
  <testcase classname="Pages_Tests.Register_Test" name="pass_unamesame" time="0.919"/>
  <testcase classname="Pages_Tests.Register_Test" name="pass_common" time="0.843"/>
  <testcase classname="Pages_Tests.Register_Test" name="valid_entry" time="0.94"/>
  <testcase classname="Pages_Tests.Register_Test" name="loginlnk_click" time="0.311"/>
  <testcase classname="Pages_Tests.Register_Test" name="valid_login" time="1.251"/>
  <testcase classname="Pages_Tests.SignIn_Test" name="register_sigin_launch" time="0.457"/>
  <testcase classname="Pages_Tests.SignIn_Test" name="all_field_empty" time="0.728"/>
  <testcase classname="Pages_Tests.SignIn_Test" name="pass_field_empty" time="0.75"/>
  <testcase classname="Pages_Tests.SignIn_Test" name="invalid_entry" time="0.892"/>
  <testcase classname="Pages_Tests.SignIn_Test" name="valid_Excel" time="1.124"/>
  <testcase classname="Pages_Tests.DataStructures_Test" name="DS_launch" time="0.03"/>
  <testcase classname="Pages_Tests.DataStructures_Test" name="Time_Comp_click" time="3.426"/>
  <testcase classname="Pages_Tests.DataStructures_Test" name="Time_Comp_click" time="2.302"/>
</testsuite> <!-- DSAlgo_TestNG Test Cases -->
