<?xml version="1.0" encoding="UTF-8"?>
<!-- Generated by org.testng.reporters.JUnitXMLReporter -->
<testsuite ignored="0" hostname="PrasannAnusha" failures="0" tests="12" name="Default test" time="96.328" errors="0" timestamp="2023-08-11T18:36:00 EDT">
  <testcase classname="Pages_Tests.Register_Test" name="all_field_empty" time="0.95"/>
  <testcase classname="Pages_Tests.Register_Test" name="pass_empty" time="0.943"/>
  <testcase classname="Pages_Tests.Register_Test" name="confpass_empty" time="0.906"/>
  <testcase classname="Pages_Tests.Register_Test" name="uname_char" time="0.797"/>
  <testcase classname="Pages_Tests.Register_Test" name="uname_exist" time="0.846"/>
  <testcase classname="Pages_Tests.Register_Test" name="pass_mismatch" time="1.069"/>
  <testcase classname="Pages_Tests.Register_Test" name="pass_numbers" time="0.872"/>
  <testcase classname="Pages_Tests.Register_Test" name="pass_unamesame" time="1.039"/>
  <testcase classname="Pages_Tests.Register_Test" name="pass_common" time="1.041"/>
  <testcase classname="Pages_Tests.Register_Test" name="valid_entry" time="0.972"/>
  <testcase classname="Pages_Tests.Register_Test" name="loginlnk_click" time="0.445"/>
  <testcase classname="Pages_Tests.Register_Test" name="valid_login" time="1.381"/>
</testsuite> <!-- Default test -->
